<?xml version="1.0" encoding="UTF-8"?>
<testng-results skipped="0" failed="0" ignored="0" total="1" passed="1">
  <reporter-output>
  </reporter-output>
  <suite name="Default suite" duration-ms="1925" started-at="2020-06-22T00:21:04 IST" finished-at="2020-06-22T00:21:06 IST">
    <groups>
    </groups>
    <test name="Default test" duration-ms="1925" started-at="2020-06-22T00:21:04 IST" finished-at="2020-06-22T00:21:06 IST">
      <class name="Base">
        <test-method status="PASS" signature="Testcases1()[pri:0, instance:Base@6f15d60e]" name="Testcases1" duration-ms="1890" started-at="2020-06-22T00:21:04 IST" finished-at="2020-06-22T00:21:06 IST">
          <reporter-output>
          </reporter-output>
        </test-method> <!-- Testcases1 -->
      </class> <!-- Base -->
    </test> <!-- Default test -->
  </suite> <!-- Default suite -->
</testng-results>
